[2020-04-27T00:11:16.798] [INFO] default - get
[2020-04-27T00:11:16.800] [INFO] default - /get-home
[2020-04-27T00:11:16.801] [INFO] default - 已登录用户查询： undefined
[2020-04-27T00:11:20.928] [INFO] default - get
[2020-04-27T00:11:20.931] [INFO] default - /get-Tindex
[2020-04-27T00:11:28.057] [INFO] default - post
[2020-04-27T00:11:28.058] [INFO] default - /post-Tindex
[2020-04-27T00:11:28.059] [INFO] default - get FormData Params:  {
  schools: 'soochow university',
  account: '202001001',
  password: '11111111'
}
[2020-04-27T00:11:28.060] [INFO] default - soochow university 202001001 11111111
[2020-04-27T00:11:28.067] [INFO] default - 正确密码应为： [String: '11111111']
[2020-04-27T00:11:28.068] [INFO] default - 密码正确,登录成功
[2020-04-27T00:11:29.451] [INFO] default - get
[2020-04-27T00:11:29.454] [INFO] default - /get-TgroupInfoAdmin
[2020-04-27T00:11:29.455] [INFO] default - 登录状态： true
[2020-04-27T00:11:29.455] [INFO] default - 已登录用户查询： 202001001
[2020-04-27T00:11:29.456] [INFO] default - 202001001进入queryTgroupInfo函数
[2020-04-27T00:11:30.172] [INFO] default - get
[2020-04-27T00:11:30.173] [INFO] default - /get-TstudentInfoAdmin
[2020-04-27T00:11:30.173] [INFO] default - 登录状态： true
[2020-04-27T00:11:30.174] [INFO] default - 已登录用户查询： 202001001
[2020-04-27T00:11:30.175] [INFO] default - 202001001进入queryTstudentInfo函数
[2020-04-27T00:11:32.089] [INFO] default - get
[2020-04-27T00:11:32.090] [INFO] default - /get-TproductListAdmin
[2020-04-27T00:11:32.090] [INFO] default - 登录状态： true
[2020-04-27T00:11:32.091] [INFO] default - 已登录用户查询： 202001001
[2020-04-27T00:11:32.091] [INFO] default - 202001001进入queryTproductList函数
[2020-04-27T00:11:33.065] [INFO] default - get
[2020-04-27T00:11:33.066] [INFO] default - /get-TpaymentRecordsAdmin
[2020-04-27T00:11:33.066] [INFO] default - 登录状态： true
[2020-04-27T00:11:33.067] [INFO] default - 已登录用户查询： 202001001
[2020-04-27T00:11:33.067] [INFO] default - 202001001进入queryTpaymentRecords函数
[2020-04-27T00:11:36.067] [INFO] default - get
[2020-04-27T00:11:36.069] [INFO] default - /get-TstudentInfoAdmin
[2020-04-27T00:11:36.070] [INFO] default - 登录状态： true
[2020-04-27T00:11:36.071] [INFO] default - 已登录用户查询： 202001001
[2020-04-27T00:11:36.072] [INFO] default - 202001001进入queryTstudentInfo函数
[2020-04-27T00:11:43.447] [INFO] default - 已登录用户查询： 202001001
[2020-04-27T00:11:43.448] [INFO] default - 进入TcorpInfoAdmin?querySiftStuInfo=true，get FormData Params:  {
  stuID: '1607400001',
  stuName: '',
  stuSchool: '0',
  stuMajor: '0',
  sex: '0',
  grade: '0',
  readStatus: '0'
}
[2020-04-27T00:11:43.451] [INFO] default - 刘舒璇进入querySiftStuInfo函数
[2020-04-27T00:19:38.388] [INFO] default - get
[2020-04-27T00:19:38.390] [INFO] default - /get-TallOrdersAdmin
[2020-04-27T00:19:38.390] [INFO] default - 登录状态： true
[2020-04-27T00:19:38.393] [INFO] default - 已登录用户查询： 202001001
[2020-04-27T00:19:38.393] [INFO] default - 202001001进入queryTallOrders函数
[2020-04-27T00:19:38.397] [INFO] default - 无缴费订单
[2020-04-27T00:19:41.215] [INFO] default - get
[2020-04-27T00:19:41.217] [INFO] default - /get-TpaymentRecordsAdmin
[2020-04-27T00:19:41.218] [INFO] default - 登录状态： true
[2020-04-27T00:19:41.219] [INFO] default - 已登录用户查询： 202001001
[2020-04-27T00:19:41.222] [INFO] default - 202001001进入queryTpaymentRecords函数
[2020-04-27T00:23:16.785] [INFO] default - hello world categories-default test, this is info
[2020-04-27T00:23:16.786] [WARN] default - hello world categories-default test, this is warn
[2020-04-27T00:23:16.786] [ERROR] default - hello world categories-default test, this is error
[2020-04-27T00:23:16.786] [WARN] production - hello world categories-production test, this is warn
[2020-04-27T00:23:16.786] [ERROR] production - hello world categories-production test, this is error
[2020-04-27T00:23:20.366] [INFO] default - get
[2020-04-27T00:23:20.368] [INFO] default - /get-Tindex
[2020-04-27T00:23:26.632] [INFO] default - post
[2020-04-27T00:23:26.633] [INFO] default - /post-Tindex
[2020-04-27T00:23:26.633] [INFO] default - get FormData Params:  {
  schools: 'soochow university',
  account: '202001001',
  password: '11111111'
}
[2020-04-27T00:23:26.652] [INFO] default - soochow university 202001001 11111111
[2020-04-27T00:23:26.673] [INFO] default - 正确密码应为： [String: '11111111']
[2020-04-27T00:23:26.674] [INFO] default - 密码正确,登录成功
[2020-04-27T00:23:55.951] [INFO] default - hello world categories-default test, this is info
[2020-04-27T00:23:55.953] [WARN] default - hello world categories-default test, this is warn
[2020-04-27T00:23:55.953] [ERROR] default - hello world categories-default test, this is error
[2020-04-27T00:23:55.954] [WARN] production - hello world categories-production test, this is warn
[2020-04-27T00:23:55.954] [ERROR] production - hello world categories-production test, this is error
[2020-04-27T00:23:57.480] [INFO] default - get
[2020-04-27T00:23:57.482] [INFO] default - /get-Tindex
[2020-04-27T00:24:02.117] [INFO] default - post
[2020-04-27T00:24:02.118] [INFO] default - /post-Tindex
[2020-04-27T00:24:02.119] [INFO] default - get FormData Params:  {
  schools: 'soochow university',
  account: '202001001',
  password: '11111111'
}
[2020-04-27T00:24:02.129] [INFO] default - soochow university 202001001 11111111
[2020-04-27T00:24:02.140] [INFO] default - 开启event_scheduler成功。
[2020-04-27T00:24:02.143] [INFO] default - 正确密码应为： [String: '11111111']
[2020-04-27T00:24:02.151] [INFO] default - 密码正确,登录成功
[2020-04-27T00:24:59.718] [INFO] default - get
[2020-04-27T00:24:59.721] [INFO] default - /get-Tindex
[2020-04-27T00:25:04.006] [INFO] default - post
[2020-04-27T00:25:04.007] [INFO] default - /post-Tindex
[2020-04-27T00:25:04.007] [INFO] default - get FormData Params:  {
  schools: 'soochow university',
  account: '202001001',
  password: '11111111'
}
[2020-04-27T00:25:04.018] [INFO] default - soochow university 202001001 11111111
[2020-04-27T00:25:04.027] [INFO] default - 开启event_scheduler成功。
[2020-04-27T00:25:04.031] [INFO] default - 正确密码应为： [String: '11111111']
[2020-04-27T00:25:04.036] [INFO] default - 密码正确,登录成功
[2020-04-27T00:25:28.253] [INFO] default - get
[2020-04-27T00:25:28.255] [INFO] default - /get-TstudentInfoAdmin
[2020-04-27T00:25:28.256] [INFO] default - 登录状态： true
[2020-04-27T00:25:28.259] [INFO] default - 已登录用户查询： 202001001
[2020-04-27T00:25:28.268] [INFO] default - 202001001进入queryTstudentInfo函数
[2020-04-27T00:27:02.627] [INFO] default - 已登录用户查询： 202001001
[2020-04-27T00:27:02.629] [INFO] default - 进入TcorpInfoAdmin?addStu=true，get FormData Params:  {
  stu_id: 'a',
  stu_name: 'a',
  stu_school: 'a',
  stu_major: 'a',
  stu_gender: '男',
  stu_gread: 'a',
  stu_readStatus: '1'
}
[2020-04-27T00:27:02.642] [INFO] default - 刘舒璇进入addGroupInfo函数
[2020-04-27T00:27:02.645] [INFO] default - 查询学生（该管理员）所属学校成功
[2020-04-27T00:27:02.653] [INFO] default - 新增学生信息成功
[2020-04-27T00:27:03.944] [INFO] default - get
[2020-04-27T00:27:03.945] [INFO] default - /get-TstudentInfoAdmin
[2020-04-27T00:27:03.945] [INFO] default - 登录状态： true
[2020-04-27T00:27:03.946] [INFO] default - 已登录用户查询： 202001001
[2020-04-27T00:27:03.956] [INFO] default - 202001001进入queryTstudentInfo函数
[2020-04-27T00:27:14.434] [INFO] default - get
[2020-04-27T00:27:14.436] [INFO] default - /get-TstudentInfoAdmin
[2020-04-27T00:27:14.436] [INFO] default - 登录状态： true
[2020-04-27T00:27:14.441] [INFO] default - 已登录用户查询： 202001001
[2020-04-27T00:27:14.442] [INFO] default - 修改学生在读状态： a
[2020-04-27T00:27:14.447] [INFO] default - 刘舒璇进入changeReadStatus函数
[2020-04-27T00:27:14.457] [INFO] default - 学生在读状态: [ RowDataPacket { '在读状态': 1 } ] [ 0, 'a' ]
[2020-04-27T00:27:14.468] [INFO] default - 学生在读状态更改成功
[2020-04-27T00:27:15.265] [INFO] default - get
[2020-04-27T00:27:15.266] [INFO] default - /get-TstudentInfoAdmin
[2020-04-27T00:27:15.267] [INFO] default - 登录状态： true
[2020-04-27T00:27:15.269] [INFO] default - 已登录用户查询： 202001001
[2020-04-27T00:27:15.277] [INFO] default - 202001001进入queryTstudentInfo函数
[2020-04-27T00:30:34.091] [INFO] default - get
[2020-04-27T00:30:34.092] [INFO] default - /get-TproductListAdmin
[2020-04-27T00:30:34.095] [INFO] default - 登录状态： true
[2020-04-27T00:30:34.101] [INFO] default - 已登录用户查询： 202001001
[2020-04-27T00:30:34.102] [INFO] default - 202001001进入queryTproductList函数
[2020-04-27T00:39:52.809] [INFO] default - get
[2020-04-27T00:39:52.813] [INFO] default - /get-Tindex
[2020-04-27T00:47:33.938] [INFO] default - get
[2020-04-27T00:47:33.940] [INFO] default - /get-Tindex
[2020-04-27T00:47:37.768] [INFO] default - post
[2020-04-27T00:47:37.769] [INFO] default - /post-Tindex
[2020-04-27T00:47:37.770] [INFO] default - get FormData Params:  {
  schools: 'soochow university',
  account: '202001001',
  password: '11111111'
}
[2020-04-27T00:47:37.778] [INFO] default - soochow university 202001001 11111111
[2020-04-27T00:47:37.794] [INFO] default - 开启event_scheduler成功。
[2020-04-27T00:47:37.799] [INFO] default - 正确密码应为： [String: '11111111']
[2020-04-27T00:47:37.801] [INFO] default - 密码正确,登录成功
[2020-04-27T00:48:15.269] [INFO] default - post
[2020-04-27T00:48:15.272] [INFO] default - /post-Tindex
[2020-04-27T00:48:15.279] [INFO] default - get FormData Params:  {
  schools: 'soochow university',
  account: '202001001',
  password: '11111111'
}
[2020-04-27T00:48:15.282] [INFO] default - soochow university 202001001 11111111
[2020-04-27T00:48:15.285] [INFO] default - 开启event_scheduler成功。
[2020-04-27T00:48:15.288] [INFO] default - 正确密码应为： [String: '11111111']
[2020-04-27T00:48:15.295] [INFO] default - 密码正确,登录成功
[2020-04-27T00:49:01.419] [INFO] default - post
[2020-04-27T00:49:01.420] [INFO] default - /post-Tindex
[2020-04-27T00:49:01.421] [INFO] default - get FormData Params:  {
  schools: 'soochow university',
  account: '202001001',
  password: '11111111'
}
[2020-04-27T00:49:01.439] [INFO] default - soochow university 202001001 11111111
[2020-04-27T00:49:01.444] [INFO] default - 开启event_scheduler成功。
[2020-04-27T00:49:01.455] [INFO] default - 正确密码应为： [String: '11111111']
[2020-04-27T00:49:01.458] [INFO] default - 密码正确,登录成功
[2020-04-27T00:50:43.787] [INFO] default - post
[2020-04-27T00:50:43.789] [INFO] default - /post-Tindex
[2020-04-27T00:50:43.789] [INFO] default - get FormData Params:  {
  schools: 'soochow university',
  account: '202001001',
  password: '11111111'
}
[2020-04-27T00:50:43.811] [INFO] default - soochow university 202001001 11111111
[2020-04-27T00:50:43.813] [INFO] default - 开启event_scheduler成功。
[2020-04-27T00:50:43.814] [INFO] default - 正确密码应为： [String: '11111111']
[2020-04-27T00:50:43.815] [INFO] default - 密码正确,登录成功
[2020-04-27T13:01:46.995] [INFO] default - get
[2020-04-27T13:01:47.024] [INFO] default - /get-Tindex
[2020-04-27T13:02:14.437] [INFO] default - post
[2020-04-27T13:02:14.441] [INFO] default - /post-Tindex
[2020-04-27T13:02:14.448] [INFO] default - get FormData Params:  {
  schools: 'soochow university',
  account: '202001001',
  password: '11111111'
}
[2020-04-27T13:02:14.454] [INFO] default - soochow university 202001001 11111111
[2020-04-27T13:02:14.487] [INFO] default - 开启event_scheduler成功。
[2020-04-27T13:02:14.600] [INFO] default - 正确密码应为： [String: '11111111']
[2020-04-27T13:02:14.602] [INFO] default - 密码正确,登录成功
[2020-04-27T13:06:22.325] [INFO] default - get
[2020-04-27T13:06:22.328] [INFO] default - /get-Tindex
[2020-04-27T13:06:29.102] [INFO] default - post
[2020-04-27T13:06:29.103] [INFO] default - /post-Tindex
[2020-04-27T13:06:29.104] [INFO] default - get FormData Params:  {
  schools: 'soochow university',
  account: '202001001',
  password: '11111111'
}
[2020-04-27T13:06:29.106] [INFO] default - soochow university 202001001 11111111
[2020-04-27T13:06:29.132] [INFO] default - 开启event_scheduler成功。
[2020-04-27T13:06:29.142] [INFO] default - 正确密码应为： [String: '11111111']
[2020-04-27T13:06:29.143] [INFO] default - 密码正确,登录成功
[2020-04-27T13:17:17.736] [INFO] default - get
[2020-04-27T13:17:17.737] [INFO] default - /get-TstudentInfoAdmin
[2020-04-27T13:17:17.738] [INFO] default - 登录状态： true
[2020-04-27T13:17:17.754] [INFO] default - 已登录用户查询： 202001001
[2020-04-27T13:17:17.754] [INFO] default - 202001001进入queryTstudentInfo函数
[2020-04-27T13:28:59.947] [INFO] default - get
[2020-04-27T13:28:59.954] [INFO] default - /get-Tindex
[2020-04-27T13:32:10.183] [INFO] default - get
[2020-04-27T13:32:10.187] [INFO] default - /get-Tindex
[2020-04-27T13:32:31.406] [INFO] default - get
[2020-04-27T13:32:31.407] [INFO] default - /get-Tindex
[2020-04-27T13:33:02.063] [INFO] default - get
[2020-04-27T13:33:02.065] [INFO] default - /get-Tindex
[2020-04-27T13:33:14.775] [INFO] default - get
[2020-04-27T13:33:14.776] [INFO] default - /get-Tindex
[2020-04-27T13:33:23.525] [INFO] default - get
[2020-04-27T13:33:23.526] [INFO] default - /get-Tindex
[2020-04-27T13:34:11.616] [INFO] default - get
[2020-04-27T13:34:11.618] [INFO] default - /get-Tindex
[2020-04-27T13:34:47.854] [INFO] default - get
[2020-04-27T13:34:47.855] [INFO] default - /get-Tindex
[2020-04-27T13:36:08.104] [INFO] default - get
[2020-04-27T13:36:08.108] [INFO] default - /get-Tindex
[2020-04-27T13:36:15.619] [INFO] default - post
[2020-04-27T13:36:15.620] [INFO] default - /post-Tindex
[2020-04-27T13:36:15.620] [INFO] default - get FormData Params:  {
  schools: 'soochow university',
  account: '202001001',
  password: '11111111',
  ip: ''
}
[2020-04-27T13:36:15.631] [INFO] default - 教师登录表单参数： soochow university 202001001 11111111 
[2020-04-27T13:36:15.645] [INFO] default - 开启event_scheduler成功。
[2020-04-27T13:36:15.659] [INFO] default - 正确密码应为： [String: '11111111']
[2020-04-27T13:36:15.663] [INFO] default - 密码正确,登录成功
[2020-04-27T13:37:36.737] [INFO] default - get
[2020-04-27T13:37:36.739] [INFO] default - /get-Tindex
[2020-04-27T13:38:03.759] [INFO] default - get
[2020-04-27T13:38:03.760] [INFO] default - /get-Tindex
[2020-04-27T13:38:09.971] [INFO] default - post
[2020-04-27T13:38:09.973] [INFO] default - /post-Tindex
[2020-04-27T13:38:09.975] [INFO] default - get FormData Params:  {
  schools: 'soochow university',
  account: '202001001',
  password: '11111111',
  ip: ''
}
[2020-04-27T13:38:09.986] [INFO] default - 教师登录表单参数： soochow university 202001001 11111111 
[2020-04-27T13:38:09.991] [INFO] default - 开启event_scheduler成功。
[2020-04-27T13:38:09.994] [INFO] default - 正确密码应为： [String: '11111111']
[2020-04-27T13:38:10.001] [INFO] default - 密码正确,登录成功
[2020-04-27T13:39:03.920] [INFO] default - get
[2020-04-27T13:39:03.921] [INFO] default - /get-Tindex
[2020-04-27T13:40:11.628] [INFO] default - get
[2020-04-27T13:40:11.630] [INFO] default - /get-Tindex
[2020-04-27T13:40:18.855] [INFO] default - post
[2020-04-27T13:40:18.857] [INFO] default - /post-Tindex
[2020-04-27T13:40:18.860] [INFO] default - get FormData Params:  {
  schools: 'soochow university',
  account: '202001001',
  password: '11111111',
  ip: ''
}
[2020-04-27T13:40:18.898] [INFO] default - 教师登录表单参数： soochow university 202001001 11111111 
[2020-04-27T13:40:18.908] [INFO] default - 开启event_scheduler成功。
[2020-04-27T13:40:18.909] [INFO] default - 正确密码应为： [String: '11111111']
[2020-04-27T13:40:18.910] [INFO] default - 密码正确,登录成功
[2020-04-27T13:41:32.558] [INFO] default - get
[2020-04-27T13:41:32.562] [INFO] default - /get-Tindex
[2020-04-27T13:47:08.025] [INFO] default - get
[2020-04-27T13:47:08.027] [INFO] default - /get-Tindex
[2020-04-27T13:47:15.338] [INFO] default - post
[2020-04-27T13:47:15.340] [INFO] default - /post-Tindex
[2020-04-27T13:47:15.340] [INFO] default - get FormData Params:  {
  schools: 'soochow university',
  account: '202001001',
  password: '11111111'
}
[2020-04-27T13:47:15.342] [INFO] default - 教师登录表单参数： soochow university 202001001 11111111 undefined
[2020-04-27T13:47:15.344] [INFO] default - 开启event_scheduler成功。
[2020-04-27T13:47:15.348] [INFO] default - 正确密码应为： [String: '11111111']
[2020-04-27T13:47:15.353] [INFO] default - 密码正确,登录成功
[2020-04-27T13:47:31.467] [INFO] default - get
[2020-04-27T13:47:31.468] [INFO] default - /get-Tindex
[2020-04-27T13:47:56.297] [INFO] default - get
[2020-04-27T13:47:56.298] [INFO] default - /get-Tindex
[2020-04-27T13:49:13.938] [INFO] default - post
[2020-04-27T13:49:13.942] [INFO] default - /post-Tindex
[2020-04-27T13:49:13.966] [INFO] default - get FormData Params:  {
  schools: 'soochow university',
  account: '202001001',
  password: '11111111'
}
[2020-04-27T13:49:14.039] [INFO] default - 教师登录表单参数： soochow university 202001001 11111111 undefined
[2020-04-27T13:49:14.045] [INFO] default - 开启event_scheduler成功。
[2020-04-27T13:49:14.062] [INFO] default - 正确密码应为： [String: '11111111']
[2020-04-27T13:49:14.074] [INFO] default - 密码正确,登录成功
[2020-04-27T13:50:36.995] [INFO] default - get
[2020-04-27T13:50:36.999] [INFO] default - /get-Tindex
[2020-04-27T13:50:57.707] [INFO] default - get
[2020-04-27T13:50:57.708] [INFO] default - /get-Tindex
[2020-04-27T13:51:38.574] [INFO] default - get
[2020-04-27T13:51:38.575] [INFO] default - /get-Tindex
[2020-04-27T13:51:43.825] [INFO] default - post
[2020-04-27T13:51:43.827] [INFO] default - /post-Tindex
[2020-04-27T13:51:43.829] [INFO] default - get FormData Params:  {
  schools: 'soochow university',
  account: '202001001',
  password: '11111111',
  ip: ''
}
[2020-04-27T13:51:43.892] [INFO] default - 教师登录表单参数： soochow university 202001001 11111111 
[2020-04-27T13:51:43.899] [INFO] default - 开启event_scheduler成功。
[2020-04-27T13:51:43.943] [INFO] default - 正确密码应为： [String: '11111111']
[2020-04-27T13:51:43.944] [INFO] default - 密码正确,登录成功
[2020-04-27T13:58:16.166] [INFO] default - get
[2020-04-27T13:58:16.168] [INFO] default - /get-Tindex
[2020-04-27T13:58:28.681] [INFO] default - post
[2020-04-27T13:58:28.682] [INFO] default - /post-Tindex
[2020-04-27T13:58:28.684] [INFO] default - get FormData Params:  {
  schools: 'soochow university',
  account: '202001001',
  password: '11111111',
  ip: ''
}
[2020-04-27T13:58:28.692] [INFO] default - 教师登录表单参数： soochow university 202001001 11111111 
[2020-04-27T13:58:28.705] [INFO] default - 开启event_scheduler成功。
[2020-04-27T13:58:28.707] [INFO] default - 正确密码应为： [String: '11111111']
[2020-04-27T13:58:28.708] [INFO] default - 密码正确,登录成功
[2020-04-27T13:58:55.081] [INFO] default - get
[2020-04-27T13:58:55.082] [INFO] default - /get-Tindex
[2020-04-27T13:59:00.602] [INFO] default - post
[2020-04-27T13:59:00.604] [INFO] default - /post-Tindex
[2020-04-27T13:59:00.612] [INFO] default - get FormData Params:  {
  schools: 'soochow university',
  account: '202001001',
  password: '11111111',
  ip: ''
}
[2020-04-27T13:59:00.617] [INFO] default - 教师登录表单参数： soochow university 202001001 11111111 
[2020-04-27T13:59:00.621] [INFO] default - 开启event_scheduler成功。
[2020-04-27T13:59:00.628] [INFO] default - 正确密码应为： [String: '11111111']
[2020-04-27T13:59:00.632] [INFO] default - 密码正确,登录成功
[2020-04-27T13:59:52.881] [INFO] default - get
[2020-04-27T13:59:52.882] [INFO] default - /get-Tindex
[2020-04-27T14:00:02.234] [INFO] default - post
[2020-04-27T14:00:02.235] [INFO] default - /post-Tindex
[2020-04-27T14:00:02.238] [INFO] default - get FormData Params:  {
  schools: 'soochow university',
  account: '202001001',
  password: '11111111',
  ip: ''
}
[2020-04-27T14:00:02.250] [INFO] default - 教师登录表单参数： soochow university 202001001 11111111 
[2020-04-27T14:00:02.256] [INFO] default - 开启event_scheduler成功。
[2020-04-27T14:00:02.257] [INFO] default - 正确密码应为： [String: '11111111']
[2020-04-27T14:00:02.267] [INFO] default - 密码正确,登录成功
[2020-04-27T14:00:57.006] [INFO] default - get
[2020-04-27T14:00:57.007] [INFO] default - /get-Tindex
[2020-04-27T14:01:48.908] [INFO] default - get
[2020-04-27T14:01:48.909] [INFO] default - /get-Tindex
[2020-04-27T14:03:12.803] [INFO] default - get
[2020-04-27T14:03:12.805] [INFO] default - /get-Tindex
[2020-04-27T14:04:34.122] [INFO] default - get
[2020-04-27T14:04:34.125] [INFO] default - /get-Tindex
[2020-04-27T14:06:33.490] [INFO] default - get
[2020-04-27T14:06:33.491] [INFO] default - /get-Tindex
[2020-04-27T14:16:41.011] [INFO] default - get
[2020-04-27T14:16:41.014] [INFO] default - /get-Tindex
[2020-04-27T14:17:39.672] [INFO] default - get
[2020-04-27T14:17:39.673] [INFO] default - /get-Tindex
[2020-04-27T14:19:57.788] [INFO] default - get
[2020-04-27T14:19:57.789] [INFO] default - /get-Tindex
[2020-04-27T14:21:14.290] [INFO] default - get
[2020-04-27T14:21:14.291] [INFO] default - /get-Tindex
[2020-04-27T14:24:20.500] [INFO] default - get
[2020-04-27T14:24:20.502] [INFO] default - /get-Tindex
[2020-04-27T14:24:39.153] [INFO] default - get
[2020-04-27T14:24:39.153] [INFO] default - /get-Tindex
[2020-04-27T14:24:59.110] [INFO] default - get
[2020-04-27T14:24:59.111] [INFO] default - /get-Tindex
[2020-04-27T14:25:48.469] [INFO] default - get
[2020-04-27T14:25:48.470] [INFO] default - /get-Tindex
[2020-04-27T14:27:05.638] [INFO] default - get
[2020-04-27T14:27:05.639] [INFO] default - /get-Tindex
[2020-04-27T14:27:53.669] [INFO] default - get
[2020-04-27T14:27:53.670] [INFO] default - /get-Tindex
[2020-04-27T14:32:12.778] [INFO] default - get
[2020-04-27T14:32:12.796] [INFO] default - /get-Tindex
[2020-04-27T14:32:31.937] [INFO] default - get
[2020-04-27T14:32:31.939] [INFO] default - /get-Tindex
[2020-04-27T14:33:36.378] [INFO] default - get
[2020-04-27T14:33:36.379] [INFO] default - /get-Tindex
[2020-04-27T14:36:17.402] [INFO] default - get
[2020-04-27T14:36:17.403] [INFO] default - /get-Tindex
[2020-04-27T14:37:02.424] [INFO] default - get
[2020-04-27T14:37:02.425] [INFO] default - /get-Tindex
[2020-04-27T14:40:27.742] [INFO] default - get
[2020-04-27T14:40:27.743] [INFO] default - /get-Tindex
[2020-04-27T14:43:06.238] [INFO] default - get
[2020-04-27T14:43:06.242] [INFO] default - /get-Tindex
