[2020-04-26T17:46:46.285] [INFO] default - hello world categories-default test, this is info
[2020-04-26T17:46:46.286] [WARN] default - hello world categories-default test, this is warn
[2020-04-26T17:46:46.287] [ERROR] default - hello world categories-default test, this is error
[2020-04-26T17:46:46.296] [WARN] production - hello world categories-production test, this is warn
[2020-04-26T17:46:46.296] [ERROR] production - hello world categories-production test, this is error
[2020-04-26T17:50:32.728] [INFO] default - hello world categories-default test, this is info
[2020-04-26T17:50:32.729] [WARN] default - hello world categories-default test, this is warn
[2020-04-26T17:50:32.730] [ERROR] default - hello world categories-default test, this is error
[2020-04-26T17:50:32.734] [WARN] production - hello world categories-production test, this is warn
[2020-04-26T17:50:32.735] [ERROR] production - hello world categories-production test, this is error
[2020-04-26T17:51:40.240] [INFO] default - hello world categories-default test, this is info
[2020-04-26T17:51:40.282] [WARN] default - hello world categories-default test, this is warn
[2020-04-26T17:51:40.283] [ERROR] default - hello world categories-default test, this is error
[2020-04-26T17:51:40.285] [WARN] production - hello world categories-production test, this is warn
[2020-04-26T17:51:40.285] [ERROR] production - hello world categories-production test, this is error
[2020-04-26T18:00:36.847] [INFO] default - hello world categories-default test, this is info
[2020-04-26T18:00:36.847] [WARN] default - hello world categories-default test, this is warn
[2020-04-26T18:00:36.848] [ERROR] default - hello world categories-default test, this is error
[2020-04-26T18:00:36.860] [WARN] production - hello world categories-production test, this is warn
[2020-04-26T18:00:36.861] [ERROR] production - hello world categories-production test, this is error
[2020-04-26T18:00:36.861] [INFO] console - hello world categories-console test
[2020-04-26T18:14:51.726] [INFO] default - hello world categories-default test, this is info
[2020-04-26T18:14:51.727] [WARN] default - hello world categories-default test, this is warn
[2020-04-26T18:14:51.727] [ERROR] default - hello world categories-default test, this is error
[2020-04-26T18:14:51.728] [WARN] production - hello world categories-production test, this is warn
[2020-04-26T18:14:51.728] [ERROR] production - hello world categories-production test, this is error
[2020-04-26T18:25:31.458] [INFO] default - hello world categories-default test, this is info
[2020-04-26T18:25:31.462] [WARN] default - hello world categories-default test, this is warn
[2020-04-26T18:25:31.465] [ERROR] default - hello world categories-default test, this is error
[2020-04-26T18:25:31.466] [WARN] production - hello world categories-production test, this is warn
[2020-04-26T18:25:31.467] [ERROR] production - hello world categories-production test, this is error
[2020-04-26T18:27:48.508] [INFO] default - hello world categories-default test, this is info
[2020-04-26T18:27:48.508] [WARN] default - hello world categories-default test, this is warn
[2020-04-26T18:27:48.509] [ERROR] default - hello world categories-default test, this is error
[2020-04-26T18:27:48.510] [WARN] production - hello world categories-production test, this is warn
[2020-04-26T18:27:48.510] [ERROR] production - hello world categories-production test, this is error
[2020-04-26T18:32:28.181] [INFO] default - hello world categories-default test, this is info
[2020-04-26T18:32:28.222] [WARN] default - hello world categories-default test, this is warn
[2020-04-26T18:32:28.225] [ERROR] default - hello world categories-default test, this is error
[2020-04-26T18:32:28.226] [WARN] production - hello world categories-production test, this is warn
[2020-04-26T18:32:28.226] [ERROR] production - hello world categories-production test, this is error
[2020-04-26T18:35:17.261] [INFO] default - hello world categories-default test, this is info
[2020-04-26T18:35:17.261] [WARN] default - hello world categories-default test, this is warn
[2020-04-26T18:35:17.262] [ERROR] default - hello world categories-default test, this is error
[2020-04-26T18:35:17.268] [WARN] production - hello world categories-production test, this is warn
[2020-04-26T18:35:17.269] [ERROR] production - hello world categories-production test, this is error
[2020-04-26T18:38:17.433] [INFO] default - hello world categories-default test, this is info
[2020-04-26T18:38:17.434] [WARN] default - hello world categories-default test, this is warn
[2020-04-26T18:38:17.435] [ERROR] default - hello world categories-default test, this is error
[2020-04-26T18:38:17.436] [WARN] production - hello world categories-production test, this is warn
[2020-04-26T18:38:17.437] [ERROR] production - hello world categories-production test, this is error
[2020-04-26T18:39:27.891] [INFO] default - hello world categories-default test, this is info
[2020-04-26T18:39:27.933] [WARN] default - hello world categories-default test, this is warn
[2020-04-26T18:39:27.935] [ERROR] default - hello world categories-default test, this is error
[2020-04-26T18:39:27.937] [WARN] production - hello world categories-production test, this is warn
[2020-04-26T18:39:27.938] [ERROR] production - hello world categories-production test, this is error
[2020-04-26T18:39:47.499] [INFO] default - RowDataPacket {
  '学号': '1607400001',
  '学校': '苏州大学',
  '姓名': '锁依琴',
  '院系': '数学科学学院',
  '专业': '数学与应用数学（基地）',
  '性别': '男',
  '年级': '16',
  '在读状态': 1,
  '密码': '63YXh9fM'
}
[2020-04-26T18:39:47.747] [INFO] default - [String: '1']
[2020-04-26T18:39:47.855] [INFO] default - 在读
[2020-04-26T18:39:47.978] [INFO] default - 正确密码应为： [String: '63YXh9fM']
[2020-04-26T18:39:48.060] [INFO] default - 密码正确,登录成功
[2020-04-26T18:48:11.757] [INFO] default - hello world categories-default test, this is info
[2020-04-26T18:48:11.759] [WARN] default - hello world categories-default test, this is warn
[2020-04-26T18:48:11.760] [ERROR] default - hello world categories-default test, this is error
[2020-04-26T18:48:11.761] [WARN] production - hello world categories-production test, this is warn
[2020-04-26T18:48:11.761] [ERROR] production - hello world categories-production test, this is error
[2020-04-26T18:50:24.267] [INFO] default - get
[2020-04-26T18:50:24.273] [INFO] default - /gethhhhhhhh
[2020-04-26T18:50:29.054] [INFO] default - post
[2020-04-26T18:50:29.057] [INFO] default - /posthhhhhhhh
[2020-04-26T18:50:29.203] [INFO] default - get FormData Params:  {
  schools: 'soochow university',
  account: '1607400001',
  password: '63YXh9fM'
}
[2020-04-26T18:50:29.419] [INFO] default - soochow university 1607400001 63YXh9fM
[2020-04-26T18:50:29.623] [INFO] default - RowDataPacket {
  '学号': '1607400001',
  '学校': '苏州大学',
  '姓名': '锁依琴',
  '院系': '数学科学学院',
  '专业': '数学与应用数学（基地）',
  '性别': '男',
  '年级': '16',
  '在读状态': 1,
  '密码': '63YXh9fM'
}
[2020-04-26T18:50:30.039] [INFO] default - [String: '1']
[2020-04-26T18:50:30.042] [INFO] default - 在读
[2020-04-26T18:50:30.043] [INFO] default - 正确密码应为： [String: '63YXh9fM']
[2020-04-26T18:50:30.044] [INFO] default - 密码正确,登录成功
[2020-04-26T18:50:52.331] [INFO] default - get
[2020-04-26T18:50:52.332] [INFO] default - /get-orderRecord
[2020-04-26T18:50:52.333] [INFO] default - req.query: undefined
[2020-04-26T18:50:52.334] [INFO] default - 已登录用户查询： true
[2020-04-26T18:50:52.551] [INFO] default - 已登录用户查询： 1607400001
[2020-04-26T18:50:52.688] [INFO] default - 1607400001进入queryOrderRecord函数
[2020-04-26T23:06:39.942] [INFO] default - hello world categories-default test, this is info
[2020-04-26T23:06:39.943] [WARN] default - hello world categories-default test, this is warn
[2020-04-26T23:06:39.946] [ERROR] default - hello world categories-default test, this is error
[2020-04-26T23:06:39.951] [WARN] production - hello world categories-production test, this is warn
[2020-04-26T23:06:39.951] [ERROR] production - hello world categories-production test, this is error
[2020-04-26T23:06:43.752] [INFO] default - get
[2020-04-26T23:06:43.754] [INFO] default - /get-Tindex
[2020-04-26T23:06:48.596] [INFO] default - post
[2020-04-26T23:06:48.597] [INFO] default - /post-Tindex
[2020-04-26T23:06:48.598] [INFO] default - get FormData Params:  {
  schools: 'soochow university',
  account: '1607400001',
  password: '63YXh9fM'
}
[2020-04-26T23:06:48.604] [INFO] default - soochow university 1607400001 63YXh9fM
[2020-04-26T23:06:48.652] [INFO] default - 用户不存在，请重新登录
[2020-04-26T23:08:30.670] [INFO] default - hello world categories-default test, this is info
[2020-04-26T23:08:30.693] [WARN] default - hello world categories-default test, this is warn
[2020-04-26T23:08:30.694] [ERROR] default - hello world categories-default test, this is error
[2020-04-26T23:08:30.698] [WARN] production - hello world categories-production test, this is warn
[2020-04-26T23:08:30.698] [ERROR] production - hello world categories-production test, this is error
[2020-04-26T23:08:32.217] [INFO] default - get
[2020-04-26T23:08:32.219] [INFO] default - /get-Tindex
[2020-04-26T23:08:35.749] [INFO] default - post
[2020-04-26T23:08:35.750] [INFO] default - /post-Tindex
[2020-04-26T23:08:35.750] [INFO] default - get FormData Params:  {
  schools: 'soochow university',
  account: '1607400001',
  password: '63YXh9fM'
}
[2020-04-26T23:08:35.758] [INFO] default - soochow university 1607400001 63YXh9fM
[2020-04-26T23:08:35.776] [INFO] default - 用户不存在，请重新登录
[2020-04-26T23:08:55.013] [INFO] default - hello world categories-default test, this is info
[2020-04-26T23:08:55.014] [WARN] default - hello world categories-default test, this is warn
[2020-04-26T23:08:55.017] [ERROR] default - hello world categories-default test, this is error
[2020-04-26T23:08:55.020] [WARN] production - hello world categories-production test, this is warn
[2020-04-26T23:08:55.020] [ERROR] production - hello world categories-production test, this is error
[2020-04-26T23:08:57.932] [INFO] default - get
[2020-04-26T23:08:57.934] [INFO] default - /get-Tindex
[2020-04-26T23:09:03.351] [INFO] default - post
[2020-04-26T23:09:03.352] [INFO] default - /post-Tindex
[2020-04-26T23:09:03.353] [INFO] default - get FormData Params:  {
  schools: 'soochow university',
  account: '1607400001',
  password: '63YXh9fM'
}
[2020-04-26T23:09:03.358] [INFO] default - soochow university 1607400001 63YXh9fM
[2020-04-26T23:09:03.376] [INFO] default - 用户不存在，请重新登录
[2020-04-26T23:09:23.770] [INFO] default - hello world categories-default test, this is info
[2020-04-26T23:09:23.770] [WARN] default - hello world categories-default test, this is warn
[2020-04-26T23:09:23.771] [ERROR] default - hello world categories-default test, this is error
[2020-04-26T23:09:23.779] [WARN] production - hello world categories-production test, this is warn
[2020-04-26T23:09:23.780] [ERROR] production - hello world categories-production test, this is error
[2020-04-26T23:09:25.670] [INFO] default - get
[2020-04-26T23:09:25.675] [INFO] default - /get-Tindex
[2020-04-26T23:09:30.047] [INFO] default - post
[2020-04-26T23:09:30.048] [INFO] default - /post-Tindex
[2020-04-26T23:09:30.048] [INFO] default - get FormData Params:  {
  schools: 'soochow university',
  account: '1607400001',
  password: '63YXh9fM'
}
[2020-04-26T23:09:30.054] [INFO] default - soochow university 1607400001 63YXh9fM
[2020-04-26T23:09:30.077] [INFO] default - 用户不存在，请重新登录
[2020-04-26T23:10:23.134] [INFO] default - hello world categories-default test, this is info
[2020-04-26T23:10:23.135] [WARN] default - hello world categories-default test, this is warn
[2020-04-26T23:10:23.135] [ERROR] default - hello world categories-default test, this is error
[2020-04-26T23:10:23.136] [WARN] production - hello world categories-production test, this is warn
[2020-04-26T23:10:23.136] [ERROR] production - hello world categories-production test, this is error
[2020-04-26T23:10:24.780] [INFO] default - get
[2020-04-26T23:10:24.782] [INFO] default - /get-Tindex
[2020-04-26T23:10:30.302] [INFO] default - post
[2020-04-26T23:10:30.302] [INFO] default - /post-Tindex
[2020-04-26T23:10:30.303] [INFO] default - get FormData Params:  {
  schools: 'soochow university',
  account: '1607400001',
  password: '63YXh9fM'
}
[2020-04-26T23:10:30.309] [INFO] default - soochow university 1607400001 63YXh9fM
[2020-04-26T23:10:30.325] [INFO] default - 用户不存在，请重新登录
[2020-04-26T23:10:31.336] [INFO] default - get
[2020-04-26T23:10:31.337] [INFO] default - /get-Tindex
[2020-04-26T23:10:35.633] [INFO] default - get
[2020-04-26T23:10:35.634] [INFO] default - /gethhhhhhhh
[2020-04-26T23:10:44.245] [INFO] default - post
[2020-04-26T23:10:44.248] [INFO] default - /posthhhhhhhh
[2020-04-26T23:10:44.253] [INFO] default - get FormData Params:  {
  schools: 'soochow university',
  account: '202001001',
  password: '11111111'
}
[2020-04-26T23:10:44.257] [INFO] default - soochow university 202001001 11111111
[2020-04-26T23:10:44.265] [INFO] default - 用户不存在，请重新登录
[2020-04-26T23:11:11.077] [INFO] default - hello world categories-default test, this is info
[2020-04-26T23:11:11.078] [WARN] default - hello world categories-default test, this is warn
[2020-04-26T23:11:11.078] [ERROR] default - hello world categories-default test, this is error
[2020-04-26T23:11:11.083] [WARN] production - hello world categories-production test, this is warn
[2020-04-26T23:11:11.084] [ERROR] production - hello world categories-production test, this is error
[2020-04-26T23:11:12.625] [INFO] default - get
[2020-04-26T23:11:12.627] [INFO] default - /gethhhhhhhh
[2020-04-26T23:11:18.899] [INFO] default - post
[2020-04-26T23:11:18.900] [INFO] default - /posthhhhhhhh
[2020-04-26T23:11:18.900] [INFO] default - get FormData Params:  {
  schools: 'soochow university',
  account: '202001001',
  password: '11111111'
}
[2020-04-26T23:11:18.906] [INFO] default - soochow university 202001001 11111111
[2020-04-26T23:11:18.925] [INFO] default - 用户不存在，请重新登录
[2020-04-26T23:11:20.122] [INFO] default - get
[2020-04-26T23:11:20.123] [INFO] default - /gethhhhhhhh
[2020-04-26T23:12:26.674] [INFO] default - get
[2020-04-26T23:12:26.678] [INFO] default - /get-Tindex
[2020-04-26T23:12:31.837] [INFO] default - post
[2020-04-26T23:12:31.839] [INFO] default - /post-Tindex
[2020-04-26T23:12:31.847] [INFO] default - get FormData Params:  {
  schools: 'soochow university',
  account: '202001001',
  password: '11111111'
}
[2020-04-26T23:12:31.851] [INFO] default - soochow university 202001001 11111111
[2020-04-26T23:12:31.862] [INFO] default - 正确密码应为： [String: '11111111']
[2020-04-26T23:12:31.864] [INFO] default - 密码正确,登录成功
[2020-04-26T23:12:34.526] [INFO] default - get
[2020-04-26T23:12:34.538] [INFO] default - /get-TpaymentRecordsAdmin
[2020-04-26T23:12:34.539] [INFO] default - 登录状态： true
[2020-04-26T23:12:34.540] [INFO] default - 已登录用户查询： 202001001
[2020-04-26T23:12:34.546] [INFO] default - 202001001进入queryTpaymentRecords函数
[2020-04-26T23:12:37.010] [INFO] default - get
[2020-04-26T23:12:37.014] [INFO] default - /get-TallOrdersAdmin
[2020-04-26T23:12:37.014] [INFO] default - 登录状态： true
[2020-04-26T23:12:37.019] [INFO] default - 已登录用户查询： 202001001
[2020-04-26T23:12:37.020] [INFO] default - 202001001进入queryTallOrders函数
[2020-04-26T23:12:37.030] [INFO] default - 无缴费订单
[2020-04-26T23:12:39.913] [INFO] default - get
[2020-04-26T23:12:39.916] [INFO] default - /get-TpaymentRecordsAdmin
[2020-04-26T23:12:39.917] [INFO] default - 登录状态： true
[2020-04-26T23:12:39.923] [INFO] default - 已登录用户查询： 202001001
[2020-04-26T23:12:39.924] [INFO] default - 202001001进入queryTpaymentRecords函数
